<?xml version="1.0" encoding="UTF-8"?>
<testsuite name="com.csc.TestCalculator" tests="8" skipped="0" failures="0" errors="0" timestamp="2024-11-29T06:05:45" hostname="Melissas-MacBook-Pro.local" time="0.012">
  <properties/>
  <testcase name="testAverageUsingStreams()" classname="com.csc.TestCalculator" time="0.006"/>
  <testcase name="testAverageUsingForLoop()" classname="com.csc.TestCalculator" time="0.0"/>
  <testcase name="testSumUsingStream()" classname="com.csc.TestCalculator" time="0.0"/>
  <testcase name="testMaxUsingForLoop()" classname="com.csc.TestCalculator" time="0.0"/>
  <testcase name="testMinUsungForLoop()" classname="com.csc.TestCalculator" time="0.001"/>
  <testcase name="testMaxUsingStream()" classname="com.csc.TestCalculator" time="0.0"/>
  <testcase name="testSumUsingForLoop()" classname="com.csc.TestCalculator" time="0.0"/>
  <testcase name="testMinUsingStream()" classname="com.csc.TestCalculator" time="0.0"/>
  <system-out><![CDATA[]]></system-out>
  <system-err><![CDATA[]]></system-err>
</testsuite>
